Setting up watches.
Watches established.
stage 2
[
  '/usr/bin/node',
  '/opt/zephyr/watcher/index.js',
  '/opt/zephyrnet/',
  'CREATE,ISDIR',
  'msw.zephyr'
]
msw.zephyr
ln: failed to create symbolic link '/opt/zephyrnet/msw.zephyr/msw.zephyr.conf': File exists
node:child_process:903
    throw err;
    ^

Error: Command failed: ln -s /etc/nginx/msw.zephyr.conf /opt/zephyrnet/msw.zephyr
ln: failed to create symbolic link '/opt/zephyrnet/msw.zephyr/msw.zephyr.conf': File exists

    at checkExecSyncError (node:child_process:826:11)
    at execSync (node:child_process:900:15)
    at /opt/zephyr/watcher/index.js:47:10
    at Array.map (<anonymous>)
    at execute (/opt/zephyr/watcher/index.js:46:13)
    at Object.<anonymous> (/opt/zephyr/watcher/index.js:52:13)
    at Module._compile (node:internal/modules/cjs/loader:1095:14)
    at Object.Module._extensions..js (node:internal/modules/cjs/loader:1124:10)
    at Module.load (node:internal/modules/cjs/loader:975:32)
    at Function.Module._load (node:internal/modules/cjs/loader:816:12) {
  status: 1,
  signal: null,
  output: [
    null,
    Buffer(0) [Uint8Array] [],
    Buffer(92) [Uint8Array] [
      108, 110,  58,  32, 102,  97, 105, 108, 101, 100,  32, 116,
      111,  32,  99, 114, 101,  97, 116, 101,  32, 115, 121, 109,
       98, 111, 108, 105,  99,  32, 108, 105, 110, 107,  32,  39,
       47, 111, 112, 116,  47, 122, 101, 112, 104, 121, 114, 110,
      101, 116,  47, 109, 115, 119,  46, 122, 101, 112, 104, 121,
      114,  47, 109, 115, 119,  46, 122, 101, 112, 104, 121, 114,
       46,  99, 111, 110, 102,  39,  58,  32,  70, 105, 108, 101,
       32, 101, 120, 105, 115, 116, 115,  10
    ]
  ],
  pid: 929340,
  stdout: Buffer(0) [Uint8Array] [],
  stderr: Buffer(92) [Uint8Array] [
    108, 110,  58,  32, 102,  97, 105, 108, 101, 100,  32, 116,
    111,  32,  99, 114, 101,  97, 116, 101,  32, 115, 121, 109,
     98, 111, 108, 105,  99,  32, 108, 105, 110, 107,  32,  39,
     47, 111, 112, 116,  47, 122, 101, 112, 104, 121, 114, 110,
    101, 116,  47, 109, 115, 119,  46, 122, 101, 112, 104, 121,
    114,  47, 109, 115, 119,  46, 122, 101, 112, 104, 121, 114,
     46,  99, 111, 110, 102,  39,  58,  32,  70, 105, 108, 101,
     32, 101, 120, 105, 115, 116, 115,  10
  ]
}
Setting up watches.
Watches established.
stage 2
[
  '/usr/bin/node',
  '/opt/zephyr/watcher/index.js',
  '/opt/zephyrnet/',
  'CREATE,ISDIR',
  'a.zephyr'
]
a.zephyr
ln: failed to create symbolic link '/opt/zephyrnet/a.zephyr/a.zephyr.conf': File exists
node:child_process:903
    throw err;
    ^

Error: Command failed: ln -s /etc/nginx/a.zephyr.conf /opt/zephyrnet/a.zephyr
ln: failed to create symbolic link '/opt/zephyrnet/a.zephyr/a.zephyr.conf': File exists

    at checkExecSyncError (node:child_process:826:11)
    at execSync (node:child_process:900:15)
    at /opt/zephyr/watcher/index.js:47:10
    at Array.map (<anonymous>)
    at execute (/opt/zephyr/watcher/index.js:46:13)
    at Object.<anonymous> (/opt/zephyr/watcher/index.js:52:13)
    at Module._compile (node:internal/modules/cjs/loader:1095:14)
    at Object.Module._extensions..js (node:internal/modules/cjs/loader:1124:10)
    at Module.load (node:internal/modules/cjs/loader:975:32)
    at Function.Module._load (node:internal/modules/cjs/loader:816:12) {
  status: 1,
  signal: null,
  output: [
    null,
    Buffer(0) [Uint8Array] [],
    Buffer(88) [Uint8Array] [
      108, 110,  58,  32, 102,  97, 105, 108, 101, 100,  32, 116,
      111,  32,  99, 114, 101,  97, 116, 101,  32, 115, 121, 109,
       98, 111, 108, 105,  99,  32, 108, 105, 110, 107,  32,  39,
       47, 111, 112, 116,  47, 122, 101, 112, 104, 121, 114, 110,
      101, 116,  47,  97,  46, 122, 101, 112, 104, 121, 114,  47,
       97,  46, 122, 101, 112, 104, 121, 114,  46,  99, 111, 110,
      102,  39,  58,  32,  70, 105, 108, 101,  32, 101, 120, 105,
      115, 116, 115,  10
    ]
  ],
  pid: 930188,
  stdout: Buffer(0) [Uint8Array] [],
  stderr: Buffer(88) [Uint8Array] [
    108, 110,  58,  32, 102,  97, 105, 108, 101, 100,  32, 116,
    111,  32,  99, 114, 101,  97, 116, 101,  32, 115, 121, 109,
     98, 111, 108, 105,  99,  32, 108, 105, 110, 107,  32,  39,
     47, 111, 112, 116,  47, 122, 101, 112, 104, 121, 114, 110,
    101, 116,  47,  97,  46, 122, 101, 112, 104, 121, 114,  47,
     97,  46, 122, 101, 112, 104, 121, 114,  46,  99, 111, 110,
    102,  39,  58,  32,  70, 105, 108, 101,  32, 101, 120, 105,
    115, 116, 115,  10
  ]
}
Setting up watches.
Watches established.
stage 2
[
  '/usr/bin/node',
  '/opt/zephyr/watcher/index.js',
  '/opt/zephyrnet/',
  'CREATE,ISDIR',
  'b.zephyr'
]
b.zephyr
[
  'Initialized empty Git repository in /opt/zephyrnet/b.zephyr/.git/\n',
  '',
  '',
  ''
]
ALL DONE
Setting up watches.
Watches established.
Terminated
Setting up watches.
Watches established.
Terminated
Setting up watches.
Watches established.
Terminated
Setting up watches.
Watches established.
Terminated
Setting up watches.
Watches established.
Terminated
Setting up watches.
Watches established.
Terminated
Setting up watches.
Watches established.
Terminated
Setting up watches.
Watches established.
Terminated
Setting up watches.
Watches established.
Terminated
Setting up watches.
Watches established.
Terminated
Setting up watches.
Watches established.
Terminated
Setting up watches.
Watches established.
Terminated
Setting up watches.
Watches established.
Terminated
Setting up watches.
Watches established.
Terminated
Setting up watches.
Watches established.
Terminated
Setting up watches.
Watches established.
stage 2
[
  '/usr/bin/node',
  '/opt/zephyr/watcher/index.js',
  '/opt/zephyrnet/',
  'CREATE,ISDIR',
  'm.zephyr'
]
m.zephyr
[
  'Initialized empty Git repository in /opt/zephyrnet/m.zephyr/.git/\n',
  '',
  '',
  ''
]
ALL DONE
Setting up watches.
Watches established.
